#
# A fatal error has been detected by the Java Runtime Environment:
#
#  Internal Error (javaClasses.cpp:136), pid=10748, tid=6080
#  fatal error: Invalid layout of preloaded class
#
# JRE version:  (7.0_79-b15) (build )
# Java VM: Java HotSpot(TM) Client VM (24.79-b02 mixed mode windows-x86 )
# Failed to write core dump. Minidumps are not enabled by default on client versions of Windows
#
# If you would like to submit a bug report, please visit:
#   http://bugreport.java.com/bugreport/crash.jsp
#

---------------  T H R E A D  ---------------

Current thread (0x005fc800):  JavaThread "Unknown thread" [_thread_in_vm, id=6080, stack(0x00600000,0x00650000)]

Stack: [0x00600000,0x00650000],  sp=0x0064fa44,  free space=318k
Native frames: (J=compiled Java code, j=interpreted, Vv=VM code, C=native code)
V  [jvm.dll+0x191db4]
V  [jvm.dll+0x18b436]
V  [jvm.dll+0x35d20]
V  [jvm.dll+0x35da6]
V  [jvm.dll+0x4468d]
V  [jvm.dll+0x4494e]
V  [jvm.dll+0x9397a]
V  [jvm.dll+0x93d2b]
V  [jvm.dll+0x140c91]
V  [jvm.dll+0x1638bc]
V  [jvm.dll+0xca8bf]
C  [javaw.exe+0x13ce]
C  [javaw.exe+0x1e40]
C  [javaw.exe+0xa601]
C  [javaw.exe+0xa68b]
C  [kernel32.dll+0x51194]
C  [ntdll.dll+0x5b299]
C  [ntdll.dll+0x5b26c]


---------------  P R O C E S S  ---------------

Java Threads: ( => current thread )

Other Threads:

=>0x005fc800 (exited) JavaThread "Unknown thread" [_thread_in_vm, id=6080, stack(0x00600000,0x00650000)]

VM state:not at safepoint (not fully initialized)

VM Mutex/Monitor currently owned by a thread: None

GC Heap History (0 events):
No events

Deoptimization events (0 events):
No events

Internal exceptions (0 events):
No events

Events (10 events):
Event: 1.389 loading class 0x009a9a90 done
Event: 1.390 loading class 0x009a9500 done
Event: 1.390 loading class 0x009a94e0
Event: 1.390 loading class 0x009b0870
Event: 1.424 loading class 0x009b0870 done
Event: 1.424 loading class 0x009b08a0
Event: 1.424 loading class 0x009b08a0 done
Event: 1.424 loading class 0x009b08d0
Event: 1.435 loading class 0x009b08d0 done
Event: 1.436 loading class 0x009a94e0 done


Dynamic libraries:
0x00d20000 - 0x00d4f000 	C:\Program Files\Java\jdk1.7.0_79\bin\javaw.exe
0x77540000 - 0x7767c000 	C:\Windows\SYSTEM32\ntdll.dll
0x76c80000 - 0x76d54000 	C:\Windows\system32\kernel32.dll
0x758b0000 - 0x758fa000 	C:\Windows\system32\KERNELBASE.dll
0x76ff0000 - 0x77090000 	C:\Windows\system32\ADVAPI32.dll
0x76e70000 - 0x76f1c000 	C:\Windows\system32\msvcrt.dll
0x75a80000 - 0x75a99000 	C:\Windows\SYSTEM32\sechost.dll
0x776c0000 - 0x77761000 	C:\Windows\system32\RPCRT4.dll
0x771f0000 - 0x772b9000 	C:\Windows\system32\USER32.dll
0x75a30000 - 0x75a7e000 	C:\Windows\system32\GDI32.dll
0x75a20000 - 0x75a2a000 	C:\Windows\system32\LPK.dll
0x77310000 - 0x773ad000 	C:\Windows\system32\USP10.dll
0x73f80000 - 0x7411e000 	C:\Windows\WinSxS\x86_microsoft.windows.common-controls_6595b64144ccf1df_6.0.7600.16661_none_420fe3fa2b8113bd\COMCTL32.dll
0x76c20000 - 0x76c77000 	C:\Windows\system32\SHLWAPI.dll
0x77690000 - 0x776af000 	C:\Windows\system32\IMM32.DLL
0x76f20000 - 0x76fec000 	C:\Windows\system32\MSCTF.dll
0x77da0000 - 0x77e5f000 	C:\Program Files\Java\jdk1.7.0_79\jre\bin\msvcr100.dll
0x6e370000 - 0x6e6f9000 	C:\Program Files\Java\jdk1.7.0_79\jre\bin\client\jvm.dll
0x6b5d0000 - 0x6b5d7000 	C:\Windows\system32\WSOCK32.dll
0x769e0000 - 0x76a15000 	C:\Windows\system32\WS2_32.dll
0x769d0000 - 0x769d6000 	C:\Windows\system32\NSI.dll
0x73710000 - 0x73742000 	C:\Windows\system32\WINMM.dll
0x776b0000 - 0x776b5000 	C:\Windows\system32\PSAPI.DLL
0x731e0000 - 0x731ec000 	C:\Program Files\Java\jdk1.7.0_79\jre\bin\verify.dll
0x6b000000 - 0x6b020000 	C:\Program Files\Java\jdk1.7.0_79\jre\bin\java.dll
0x6cd90000 - 0x6cdba000 	C:\Program Files\Java\jdk1.7.0_79\jre\bin\jdwp.dll
0x734a0000 - 0x734a7000 	C:\Program Files\Java\jdk1.7.0_79\jre\bin\npt.dll
0x65620000 - 0x65633000 	C:\Program Files\Java\jdk1.7.0_79\jre\bin\zip.dll
0x726a0000 - 0x7278b000 	C:\Windows\system32\dbghelp.dll

VM Arguments:
jvm_args: -agentlib:jdwp=transport=dt_socket,suspend=y,address=localhost:9448 -Dfile.encoding=UTF-8 -Xbootclasspath:E:\sdk\platforms\android-19\android.jar 
java_command: com.mc.vending.tools.utils.MyFunc
Launcher Type: SUN_STANDARD

Environment Variables:
JAVA_HOME=C:\Program Files\Java\jdk1.7.0_79
CLASSPATH=.;C:\Program Files\Java\jdk1.7.0_79\lib\tools.jar
PATH=C:\Program Files\Java\jdk1.7.0_79\jre\bin;C:/Program Files/Java/jdk1.7.0_79/bin/../jre/bin/client;C:/Program Files/Java/jdk1.7.0_79/bin/../jre/bin;C:/Program Files/Java/jdk1.7.0_79/bin/../jre/lib/i386;C:\Program Files\Java\jdk1.7.0_79\bin;C:\ProgramData\Oracle\Java\javapath;C:\Program Files\Intel\iCLS Client\;C:\Windows\system32;C:\Windows;C:\Windows\System32\Wbem;C:\Windows\System32\WindowsPowerShell\v1.0\;C:\Program Files\Intel\Intel(R) Management Engine Components\DAL;C:\Program Files\Intel\Intel(R) Management Engine Components\IPT;C:\Program Files\Microsoft SQL Server\100\Tools\Binn\;C:\Program Files\Microsoft SQL Server\100\DTS\Binn\;C:\Program Files\Microsoft ASP.NET\ASP.NET Web Pages\v1.0\;C:\Program Files\Windows Kits\8.0\Windows Performance Toolkit\;C:\Program Files\Microsoft SQL Server\110\Tools\Binn\;C:\Program Files\Microsoft\Web Platform Installer\;C:\Program Files\Intel\WiFi\bin\;C:\Program Files\Common Files\Intel\WirelessCommon\;C:\Program Files\Android\android-sdk\tools;C:\Program Files\TortoiseGit\bin;;D:\eclipse;
USERNAME=junjie.you
OS=Windows_NT
PROCESSOR_IDENTIFIER=x86 Family 6 Model 69 Stepping 1, GenuineIntel



---------------  S Y S T E M  ---------------

OS: Windows 7 Build 7600 

CPU:total 4 (2 cores per cpu, 2 threads per core) family 6 model 69 stepping 1, cmov, cx8, fxsr, mmx, sse, sse2, sse3, ssse3, sse4.1, sse4.2, popcnt, aes, erms, ht, tsc, tscinvbit

Memory: 4k page, physical 3397616k(426936k free), swap 6793468k(2246320k free)

vm_info: Java HotSpot(TM) Client VM (24.79-b02) for windows-x86 JRE (1.7.0_79-b15), built on Apr 10 2015 16:49:13 by "java_re" with unknown MS VC++:1600

time: Thu Nov 19 19:18:14 2015
elapsed time: 1 seconds

